2018-05-29 10:01:40,304 - app - INFO - =========================START=========================
2018-05-29 10:02:17,935 - app - INFO - =========================START=========================
2018-05-29 10:02:18,141 - app - INFO - =========================START=========================
2018-05-29 10:05:51,310 - app - INFO - =========================START=========================
2018-05-29 10:06:02,660 - app - INFO - =========================START=========================
2018-05-30 10:00:53,550 - app - INFO - =========================START=========================
2018-05-30 10:00:54,059 - app - INFO - =========================START=========================
2018-05-30 10:01:24,551 - app - INFO - =========================START=========================
2018-05-30 10:02:06,934 - app - INFO - =========================START=========================
2018-05-30 10:06:08,517 - app - INFO - =========================START=========================
2018-05-30 10:06:09,081 - app - INFO - =========================START=========================
2018-05-30 10:11:23,823 - app - INFO - =========================START=========================
2018-05-30 10:11:54,567 - app.view-car-post - ERROR - type object 'Car' has no attribute 'car_to_dict'
2018-05-30 10:13:36,233 - app - INFO - =========================START=========================
2018-05-30 10:13:36,438 - app - INFO - =========================START=========================
2018-05-30 10:19:43,030 - app - INFO - =========================START=========================
2018-05-30 10:19:43,229 - app - INFO - =========================START=========================
2018-05-30 10:27:32,705 - app - INFO - =========================START=========================
2018-05-30 10:27:32,931 - app - INFO - =========================START=========================
2018-05-30 10:42:29,573 - app - INFO - =========================START=========================
2018-05-30 10:43:40,037 - app - INFO - =========================START=========================
2018-05-30 10:43:40,245 - app - INFO - =========================START=========================
2018-05-30 13:56:01,706 - app.view-car-post - ERROR - invalid literal for int() with base 10: 'undefined'
2018-05-30 14:01:30,440 - app - INFO - =========================START=========================
2018-05-30 14:01:30,722 - app - INFO - =========================START=========================
2018-05-30 14:04:37,872 - app - INFO - =========================START=========================
2018-05-30 14:04:38,099 - app - INFO - =========================START=========================
2018-05-30 14:15:11,225 - app - INFO - =========================START=========================
2018-05-30 16:31:28,707 - app - INFO - =========================START=========================
2018-05-30 16:54:20,573 - app - INFO - =========================START=========================
2018-05-30 16:54:21,122 - app - INFO - =========================START=========================
2018-06-01 13:02:02,176 - app - INFO - =========================START=========================
2018-06-01 13:02:03,321 - app - INFO - =========================START=========================
2018-06-01 16:31:14,714 - app - INFO - =========================START=========================
2018-06-01 16:31:18,497 - app - INFO - =========================START=========================
2018-06-01 16:40:07,984 - app - INFO - =========================START=========================
2018-06-01 16:43:24,472 - app - INFO - =========================START=========================
2018-06-01 16:43:24,774 - app - INFO - =========================START=========================
2018-06-03 11:54:17,446 - app - INFO - =========================START=========================
2018-06-03 11:54:18,227 - app - INFO - =========================START=========================
2018-06-03 15:10:11,591 - app - INFO - =========================START=========================
2018-06-03 15:10:12,516 - app - INFO - =========================START=========================
2018-06-03 15:11:01,835 - app - INFO - =========================START=========================
2018-06-03 15:11:02,242 - app - INFO - =========================START=========================
2018-06-03 16:44:05,397 - app - INFO - =========================START=========================
2018-06-03 16:44:05,765 - app - INFO - =========================START=========================
2018-06-03 17:04:47,923 - app - INFO - =========================START=========================
2018-06-03 17:31:08,211 - app - INFO - =========================START=========================
2018-06-03 17:32:38,121 - app - INFO - =========================START=========================
2018-06-03 17:33:36,352 - app - INFO - =========================START=========================
2018-06-03 17:34:35,552 - app - INFO - =========================START=========================
2018-06-03 17:35:15,540 - app - INFO - =========================START=========================
2018-06-03 17:36:24,904 - app - INFO - =========================START=========================
2018-06-03 17:37:36,281 - app - INFO - =========================START=========================
2018-06-03 17:39:31,339 - app - INFO - =========================START=========================
2018-06-03 17:41:41,576 - app - INFO - =========================START=========================
2018-06-03 17:43:23,432 - app - INFO - =========================START=========================
2018-06-05 19:41:25,301 - app - INFO - =========================START=========================
2018-06-05 19:41:26,155 - app - INFO - =========================START=========================
2018-06-05 19:50:09,494 - app - INFO - =========================START=========================
2018-06-05 19:52:15,963 - app.user-login-post - ERROR - <class 'models.User'> instance matching query does not exist:
SQL: SELECT "t1"."id", "t1"."username", "t1"."account_type", "t1"."logo", "t1"."password_hash", "t1"."email", "t1"."contact", "t1"."location", "t1"."joined", "t1"."avatar", "t1"."bio", "t1"."active", "t1"."email_confirm" FROM "user" AS "t1" WHERE ("t1"."email" = ?) LIMIT 1 OFFSET 0
Params: [u'']
2018-06-05 19:53:09,543 - app.user-login-post - ERROR - <class 'models.User'> instance matching query does not exist:
SQL: SELECT "t1"."id", "t1"."username", "t1"."account_type", "t1"."logo", "t1"."password_hash", "t1"."email", "t1"."contact", "t1"."location", "t1"."joined", "t1"."avatar", "t1"."bio", "t1"."active", "t1"."email_confirm" FROM "user" AS "t1" WHERE ("t1"."email" = ?) LIMIT 1 OFFSET 0
Params: [u'']
2018-06-05 19:53:21,024 - app.user-login-post - ERROR - <class 'models.User'> instance matching query does not exist:
SQL: SELECT "t1"."id", "t1"."username", "t1"."account_type", "t1"."logo", "t1"."password_hash", "t1"."email", "t1"."contact", "t1"."location", "t1"."joined", "t1"."avatar", "t1"."bio", "t1"."active", "t1"."email_confirm" FROM "user" AS "t1" WHERE ("t1"."email" = ?) LIMIT 1 OFFSET 0
Params: [u'']
2018-06-05 19:54:48,530 - app.add-car-get - ERROR - type object 'Car' has no attribute 'car_to_dict'
2018-06-05 19:55:54,292 - app - INFO - =========================START=========================
2018-06-05 20:00:42,182 - app - INFO - =========================START=========================
2018-06-05 20:01:39,051 - app.add-car-get - ERROR - unbound method dictionary() must be called with Car instance as first argument (got nothing instead)
2018-06-05 20:01:42,920 - app.add-car-get - ERROR - unbound method dictionary() must be called with Car instance as first argument (got nothing instead)
2018-06-05 20:02:13,797 - app - INFO - =========================START=========================
2018-06-06 07:31:31,613 - app - INFO - =========================START=========================
2018-06-06 07:31:32,528 - app - INFO - =========================START=========================
2018-06-06 07:50:11,041 - app - INFO - =========================START=========================
2018-06-06 07:50:11,419 - app - INFO - =========================START=========================
2018-06-08 08:14:26,649 - app - INFO - =========================START=========================
2018-06-08 08:14:27,473 - app - INFO - =========================START=========================
2018-06-08 20:33:19,867 - app - INFO - =========================START=========================
2018-06-08 20:33:20,866 - app - INFO - =========================START=========================
2018-06-08 20:36:54,246 - app - INFO - =========================START=========================
2018-06-08 20:37:59,589 - app - INFO - =========================START=========================
2018-06-08 20:38:33,492 - app - INFO - =========================START=========================
2018-06-08 20:39:13,014 - app - INFO - =========================START=========================
2018-06-08 20:39:13,410 - app - INFO - =========================START=========================
2018-06-09 09:51:26,625 - app - INFO - =========================START=========================
2018-06-09 09:51:27,068 - app - INFO - =========================START=========================
2018-06-09 12:40:43,499 - app - INFO - =========================START=========================
2018-06-09 12:40:43,969 - app - INFO - =========================START=========================
2018-06-10 04:36:04,610 - app - INFO - =========================START=========================
2018-06-10 04:36:05,479 - app - INFO - =========================START=========================
2018-06-10 04:38:08,951 - app - INFO - =========================START=========================
2018-06-10 04:38:30,410 - app - INFO - =========================START=========================
2018-06-10 04:38:30,719 - app - INFO - =========================START=========================
2018-06-10 04:54:50,227 - app - INFO - =========================START=========================
2018-06-10 04:54:50,715 - app - INFO - =========================START=========================
2018-06-10 05:10:38,209 - app - INFO - =========================START=========================
2018-06-10 05:10:38,790 - app - INFO - =========================START=========================
2018-06-10 05:20:10,081 - app - INFO - =========================START=========================
2018-06-10 05:20:11,121 - app - INFO - =========================START=========================
2018-06-15 10:39:24,620 - app - INFO - =========================START=========================
2018-06-15 10:39:25,725 - app - INFO - =========================START=========================
2018-06-15 10:47:39,108 - app - INFO - =========================START=========================
2018-06-15 10:47:39,415 - app - INFO - =========================START=========================
2018-06-15 10:50:08,251 - app - INFO - =========================START=========================
2018-06-15 10:50:08,557 - app - INFO - =========================START=========================
2018-06-15 10:54:05,330 - app - INFO - =========================START=========================
2018-06-15 10:54:05,762 - app - INFO - =========================START=========================
2018-06-15 10:59:27,399 - app - INFO - =========================START=========================
2018-06-15 10:59:27,822 - app - INFO - =========================START=========================
2018-06-15 11:02:31,600 - app - INFO - =========================START=========================
2018-06-15 11:02:31,905 - app - INFO - =========================START=========================
2018-06-15 11:09:47,295 - app - INFO - =========================START=========================
2018-06-15 11:09:47,600 - app - INFO - =========================START=========================
2018-06-15 11:16:02,895 - app - INFO - =========================START=========================
2018-06-15 11:16:03,209 - app - INFO - =========================START=========================
2018-06-15 11:21:04,243 - app - INFO - =========================START=========================
2018-06-15 11:21:04,641 - app - INFO - =========================START=========================
2018-06-15 11:24:36,546 - app - INFO - =========================START=========================
2018-06-15 11:24:36,980 - app - INFO - =========================START=========================
2018-06-15 11:39:51,016 - app - INFO - =========================START=========================
2018-06-15 11:39:51,472 - app - INFO - =========================START=========================
2018-06-15 11:44:17,272 - app - INFO - =========================START=========================
2018-06-15 11:44:17,726 - app - INFO - =========================START=========================
2018-06-15 14:09:28,316 - app - INFO - =========================START=========================
2018-06-15 14:09:29,288 - app - INFO - =========================START=========================
2018-06-15 14:38:11,603 - app - INFO - =========================START=========================
2018-06-15 14:38:11,901 - app - INFO - =========================START=========================
2018-06-15 15:17:17,725 - app - INFO - =========================START=========================
2018-06-15 15:17:18,036 - app - INFO - =========================START=========================
2018-06-15 15:18:40,731 - app - INFO - =========================START=========================
2018-06-15 15:18:41,044 - app - INFO - =========================START=========================
2018-06-15 15:20:16,979 - app - INFO - =========================START=========================
2018-06-15 15:20:17,293 - app - INFO - =========================START=========================
